{"D:\\07-Controle de Estoque-App CFM\\server.js": {"path":"D:\\07-Controle de Estoque-App CFM\\server.js","statementMap":{"0":{"start":{"line":1,"column":16},"end":{"line":1,"column":34}},"1":{"start":{"line":2,"column":12},"end":{"line":2,"column":21}},"2":{"start":{"line":3,"column":13},"end":{"line":3,"column":28}},"3":{"start":{"line":4,"column":19},"end":{"line":4,"column":41}},"4":{"start":{"line":5,"column":24},"end":{"line":5,"column":52}},"5":{"start":{"line":8,"column":19},"end":{"line":8,"column":43}},"6":{"start":{"line":9,"column":22},"end":{"line":9,"column":49}},"7":{"start":{"line":10,"column":19},"end":{"line":10,"column":43}},"8":{"start":{"line":11,"column":23},"end":{"line":11,"column":51}},"9":{"start":{"line":12,"column":27},"end":{"line":12,"column":59}},"10":{"start":{"line":13,"column":24},"end":{"line":13,"column":53}},"11":{"start":{"line":15,"column":0},"end":{"line":15,"column":27}},"12":{"start":{"line":18,"column":0},"end":{"line":18,"column":55}},"13":{"start":{"line":19,"column":0},"end":{"line":19,"column":56}},"14":{"start":{"line":22,"column":0},"end":{"line":22,"column":29}},"15":{"start":{"line":23,"column":0},"end":{"line":23,"column":91}},"16":{"start":{"line":23,"column":32},"end":{"line":23,"column":89}},"17":{"start":{"line":24,"column":0},"end":{"line":24,"column":86}},"18":{"start":{"line":24,"column":27},"end":{"line":24,"column":84}},"19":{"start":{"line":27,"column":0},"end":{"line":27,"column":55}},"20":{"start":{"line":28,"column":0},"end":{"line":28,"column":46}},"21":{"start":{"line":29,"column":0},"end":{"line":29,"column":54}},"22":{"start":{"line":30,"column":0},"end":{"line":30,"column":62}},"23":{"start":{"line":31,"column":0},"end":{"line":31,"column":56}},"24":{"start":{"line":33,"column":13},"end":{"line":33,"column":37}},"25":{"start":{"line":35,"column":15},"end":{"line":37,"column":2}},"26":{"start":{"line":36,"column":2},"end":{"line":36,"column":65}},"27":{"start":{"line":40,"column":0},"end":{"line":40,"column":33}}},"fnMap":{"0":{"name":"(anonymous_0)","decl":{"start":{"line":23,"column":18},"end":{"line":23,"column":19}},"loc":{"start":{"line":23,"column":32},"end":{"line":23,"column":89}},"line":23},"1":{"name":"(anonymous_1)","decl":{"start":{"line":24,"column":13},"end":{"line":24,"column":14}},"loc":{"start":{"line":24,"column":27},"end":{"line":24,"column":84}},"line":24},"2":{"name":"(anonymous_2)","decl":{"start":{"line":35,"column":32},"end":{"line":35,"column":33}},"loc":{"start":{"line":35,"column":38},"end":{"line":37,"column":1}},"line":35}},"branchMap":{"0":{"loc":{"start":{"line":33,"column":13},"end":{"line":33,"column":37}},"type":"binary-expr","locations":[{"start":{"line":33,"column":13},"end":{"line":33,"column":29}},{"start":{"line":33,"column":33},"end":{"line":33,"column":37}}],"line":33}},"s":{"0":5,"1":5,"2":5,"3":5,"4":5,"5":5,"6":5,"7":5,"8":5,"9":5,"10":5,"11":5,"12":5,"13":5,"14":5,"15":5,"16":0,"17":5,"18":0,"19":5,"20":5,"21":5,"22":5,"23":5,"24":5,"25":5,"26":4,"27":5},"f":{"0":0,"1":0,"2":4},"b":{"0":[5,5]},"_coverageSchema":"1a1c01bbd47fc00a2c39e90264f33305004495a9","hash":"c8e005046b7b72fb62f409420dd3642cb25c2000"}
,"D:\\07-Controle de Estoque-App CFM\\database\\db.js": {"path":"D:\\07-Controle de Estoque-App CFM\\database\\db.js","statementMap":{"0":{"start":{"line":2,"column":16},"end":{"line":2,"column":44}},"1":{"start":{"line":5,"column":11},"end":{"line":11,"column":2}},"2":{"start":{"line":14,"column":0},"end":{"line":75,"column":3}},"3":{"start":{"line":16,"column":4},"end":{"line":27,"column":7}},"4":{"start":{"line":24,"column":8},"end":{"line":26,"column":9}},"5":{"start":{"line":25,"column":12},"end":{"line":25,"column":76}},"6":{"start":{"line":30,"column":4},"end":{"line":40,"column":7}},"7":{"start":{"line":37,"column":8},"end":{"line":39,"column":9}},"8":{"start":{"line":38,"column":12},"end":{"line":38,"column":75}},"9":{"start":{"line":43,"column":4},"end":{"line":56,"column":7}},"10":{"start":{"line":53,"column":8},"end":{"line":55,"column":9}},"11":{"start":{"line":54,"column":12},"end":{"line":54,"column":79}},"12":{"start":{"line":59,"column":4},"end":{"line":72,"column":7}},"13":{"start":{"line":69,"column":8},"end":{"line":71,"column":9}},"14":{"start":{"line":70,"column":12},"end":{"line":70,"column":83}},"15":{"start":{"line":74,"column":4},"end":{"line":74,"column":64}},"16":{"start":{"line":78,"column":0},"end":{"line":78,"column":20}}},"fnMap":{"0":{"name":"(anonymous_0)","decl":{"start":{"line":5,"column":60},"end":{"line":5,"column":61}},"loc":{"start":{"line":5,"column":69},"end":{"line":11,"column":1}},"line":5},"1":{"name":"(anonymous_1)","decl":{"start":{"line":14,"column":13},"end":{"line":14,"column":14}},"loc":{"start":{"line":14,"column":19},"end":{"line":75,"column":1}},"line":14},"2":{"name":"(anonymous_2)","decl":{"start":{"line":23,"column":7},"end":{"line":23,"column":8}},"loc":{"start":{"line":23,"column":16},"end":{"line":27,"column":5}},"line":23},"3":{"name":"(anonymous_3)","decl":{"start":{"line":36,"column":7},"end":{"line":36,"column":8}},"loc":{"start":{"line":36,"column":16},"end":{"line":40,"column":5}},"line":36},"4":{"name":"(anonymous_4)","decl":{"start":{"line":52,"column":7},"end":{"line":52,"column":8}},"loc":{"start":{"line":52,"column":16},"end":{"line":56,"column":5}},"line":52},"5":{"name":"(anonymous_5)","decl":{"start":{"line":68,"column":7},"end":{"line":68,"column":8}},"loc":{"start":{"line":68,"column":16},"end":{"line":72,"column":5}},"line":68}},"branchMap":{"0":{"loc":{"start":{"line":24,"column":8},"end":{"line":26,"column":9}},"type":"if","locations":[{"start":{"line":24,"column":8},"end":{"line":26,"column":9}},{"start":{},"end":{}}],"line":24},"1":{"loc":{"start":{"line":37,"column":8},"end":{"line":39,"column":9}},"type":"if","locations":[{"start":{"line":37,"column":8},"end":{"line":39,"column":9}},{"start":{},"end":{}}],"line":37},"2":{"loc":{"start":{"line":53,"column":8},"end":{"line":55,"column":9}},"type":"if","locations":[{"start":{"line":53,"column":8},"end":{"line":55,"column":9}},{"start":{},"end":{}}],"line":53},"3":{"loc":{"start":{"line":69,"column":8},"end":{"line":71,"column":9}},"type":"if","locations":[{"start":{"line":69,"column":8},"end":{"line":71,"column":9}},{"start":{},"end":{}}],"line":69}},"s":{"0":5,"1":5,"2":5,"3":5,"4":4,"5":0,"6":5,"7":4,"8":0,"9":5,"10":4,"11":0,"12":5,"13":4,"14":0,"15":5,"16":5},"f":{"0":4,"1":5,"2":4,"3":4,"4":4,"5":4},"b":{"0":[0,4],"1":[0,4],"2":[0,4],"3":[0,4]},"_coverageSchema":"1a1c01bbd47fc00a2c39e90264f33305004495a9","hash":"0d6ccd6f8f5188235b7c3c021c41e0c4e6922eed"}
,"D:\\07-Controle de Estoque-App CFM\\middleware\\auth.js": {"path":"D:\\07-Controle de Estoque-App CFM\\middleware\\auth.js","statementMap":{"0":{"start":{"line":2,"column":12},"end":{"line":2,"column":35}},"1":{"start":{"line":5,"column":18},"end":{"line":5,"column":53}},"2":{"start":{"line":16,"column":18},"end":{"line":16,"column":45}},"3":{"start":{"line":19,"column":4},"end":{"line":22,"column":5}},"4":{"start":{"line":20,"column":8},"end":{"line":20,"column":58}},"5":{"start":{"line":21,"column":8},"end":{"line":21,"column":64}},"6":{"start":{"line":25,"column":4},"end":{"line":33,"column":7}},"7":{"start":{"line":26,"column":8},"end":{"line":29,"column":9}},"8":{"start":{"line":27,"column":12},"end":{"line":27,"column":56}},"9":{"start":{"line":28,"column":12},"end":{"line":28,"column":69}},"10":{"start":{"line":31,"column":8},"end":{"line":31,"column":24}},"11":{"start":{"line":32,"column":8},"end":{"line":32,"column":15}},"12":{"start":{"line":37,"column":0},"end":{"line":37,"column":33}}},"fnMap":{"0":{"name":"autenticarToken","decl":{"start":{"line":14,"column":9},"end":{"line":14,"column":24}},"loc":{"start":{"line":14,"column":41},"end":{"line":34,"column":1}},"line":14},"1":{"name":"(anonymous_1)","decl":{"start":{"line":25,"column":56},"end":{"line":25,"column":57}},"loc":{"start":{"line":25,"column":71},"end":{"line":33,"column":5}},"line":25}},"branchMap":{"0":{"loc":{"start":{"line":5,"column":18},"end":{"line":5,"column":53}},"type":"binary-expr","locations":[{"start":{"line":5,"column":18},"end":{"line":5,"column":40}},{"start":{"line":5,"column":44},"end":{"line":5,"column":53}}],"line":5},"1":{"loc":{"start":{"line":19,"column":4},"end":{"line":22,"column":5}},"type":"if","locations":[{"start":{"line":19,"column":4},"end":{"line":22,"column":5}},{"start":{},"end":{}}],"line":19},"2":{"loc":{"start":{"line":26,"column":8},"end":{"line":29,"column":9}},"type":"if","locations":[{"start":{"line":26,"column":8},"end":{"line":29,"column":9}},{"start":{},"end":{}}],"line":26}},"s":{"0":5,"1":5,"2":26,"3":26,"4":1,"5":1,"6":25,"7":25,"8":0,"9":0,"10":25,"11":25,"12":5},"f":{"0":26,"1":25},"b":{"0":[5,5],"1":[1,25],"2":[0,25]},"_coverageSchema":"1a1c01bbd47fc00a2c39e90264f33305004495a9","hash":"a8a408b60e824f024a0f8b38994855cb5b31eb51"}
,"D:\\07-Controle de Estoque-App CFM\\models\\report.js": {"path":"D:\\07-Controle de Estoque-App CFM\\models\\report.js","statementMap":{"0":{"start":{"line":2,"column":20},"end":{"line":2,"column":37}},"1":{"start":{"line":3,"column":16},"end":{"line":3,"column":34}},"2":{"start":{"line":4,"column":11},"end":{"line":4,"column":36}},"3":{"start":{"line":5,"column":11},"end":{"line":5,"column":24}},"4":{"start":{"line":14,"column":2},"end":{"line":22,"column":5}},"5":{"start":{"line":15,"column":4},"end":{"line":21,"column":7}},"6":{"start":{"line":16,"column":6},"end":{"line":20,"column":7}},"7":{"start":{"line":17,"column":8},"end":{"line":17,"column":20}},"8":{"start":{"line":19,"column":8},"end":{"line":19,"column":22}},"9":{"start":{"line":35,"column":14},"end":{"line":35,"column":31}},"10":{"start":{"line":36,"column":17},"end":{"line":36,"column":53}},"11":{"start":{"line":38,"column":2},"end":{"line":38,"column":19}},"12":{"start":{"line":39,"column":2},"end":{"line":39,"column":64}},"13":{"start":{"line":41,"column":2},"end":{"line":41,"column":45}},"14":{"start":{"line":42,"column":2},"end":{"line":42,"column":17}},"15":{"start":{"line":44,"column":2},"end":{"line":47,"column":5}},"16":{"start":{"line":45,"column":18},"end":{"line":45,"column":59}},"17":{"start":{"line":45,"column":37},"end":{"line":45,"column":46}},"18":{"start":{"line":46,"column":4},"end":{"line":46,"column":20}},"19":{"start":{"line":49,"column":2},"end":{"line":49,"column":12}},"20":{"start":{"line":50,"column":2},"end":{"line":50,"column":62}},"21":{"start":{"line":50,"column":32},"end":{"line":50,"column":60}},"22":{"start":{"line":63,"column":19},"end":{"line":63,"column":41}},"23":{"start":{"line":64,"column":20},"end":{"line":64,"column":49}},"24":{"start":{"line":66,"column":2},"end":{"line":70,"column":6}},"25":{"start":{"line":66,"column":45},"end":{"line":70,"column":3}},"26":{"start":{"line":72,"column":2},"end":{"line":72,"column":48}},"27":{"start":{"line":72,"column":24},"end":{"line":72,"column":46}},"28":{"start":{"line":74,"column":2},"end":{"line":74,"column":48}},"29":{"start":{"line":84,"column":2},"end":{"line":100,"column":3}},"30":{"start":{"line":85,"column":20},"end":{"line":94,"column":6}},"31":{"start":{"line":96,"column":20},"end":{"line":96,"column":79}},"32":{"start":{"line":97,"column":4},"end":{"line":97,"column":77}},"33":{"start":{"line":99,"column":4},"end":{"line":99,"column":79}},"34":{"start":{"line":110,"column":2},"end":{"line":132,"column":3}},"35":{"start":{"line":111,"column":20},"end":{"line":120,"column":6}},"36":{"start":{"line":122,"column":20},"end":{"line":128,"column":5}},"37":{"start":{"line":129,"column":4},"end":{"line":129,"column":79}},"38":{"start":{"line":131,"column":4},"end":{"line":131,"column":81}},"39":{"start":{"line":142,"column":2},"end":{"line":158,"column":3}},"40":{"start":{"line":143,"column":26},"end":{"line":152,"column":6}},"41":{"start":{"line":154,"column":20},"end":{"line":154,"column":79}},"42":{"start":{"line":155,"column":4},"end":{"line":155,"column":89}},"43":{"start":{"line":157,"column":4},"end":{"line":157,"column":85}},"44":{"start":{"line":168,"column":2},"end":{"line":190,"column":3}},"45":{"start":{"line":169,"column":26},"end":{"line":178,"column":6}},"46":{"start":{"line":180,"column":20},"end":{"line":186,"column":5}},"47":{"start":{"line":187,"column":4},"end":{"line":187,"column":91}},"48":{"start":{"line":189,"column":4},"end":{"line":189,"column":87}},"49":{"start":{"line":200,"column":2},"end":{"line":207,"column":3}},"50":{"start":{"line":201,"column":22},"end":{"line":201,"column":64}},"51":{"start":{"line":203,"column":20},"end":{"line":203,"column":46}},"52":{"start":{"line":204,"column":4},"end":{"line":204,"column":81}},"53":{"start":{"line":206,"column":4},"end":{"line":206,"column":81}},"54":{"start":{"line":217,"column":2},"end":{"line":228,"column":3}},"55":{"start":{"line":218,"column":22},"end":{"line":218,"column":64}},"56":{"start":{"line":220,"column":20},"end":{"line":224,"column":5}},"57":{"start":{"line":225,"column":4},"end":{"line":225,"column":83}},"58":{"start":{"line":227,"column":4},"end":{"line":227,"column":83}},"59":{"start":{"line":232,"column":0},"end":{"line":239,"column":2}}},"fnMap":{"0":{"name":"consultarBanco","decl":{"start":{"line":13,"column":15},"end":{"line":13,"column":29}},"loc":{"start":{"line":13,"column":35},"end":{"line":23,"column":1}},"line":13},"1":{"name":"(anonymous_1)","decl":{"start":{"line":14,"column":21},"end":{"line":14,"column":22}},"loc":{"start":{"line":14,"column":42},"end":{"line":22,"column":3}},"line":14},"2":{"name":"(anonymous_2)","decl":{"start":{"line":15,"column":20},"end":{"line":15,"column":21}},"loc":{"start":{"line":15,"column":35},"end":{"line":21,"column":5}},"line":15},"3":{"name":"gerarPDF","decl":{"start":{"line":34,"column":15},"end":{"line":34,"column":23}},"loc":{"start":{"line":34,"column":64},"end":{"line":51,"column":1}},"line":34},"4":{"name":"(anonymous_4)","decl":{"start":{"line":44,"column":16},"end":{"line":44,"column":17}},"loc":{"start":{"line":44,"column":24},"end":{"line":47,"column":3}},"line":44},"5":{"name":"(anonymous_5)","decl":{"start":{"line":45,"column":30},"end":{"line":45,"column":31}},"loc":{"start":{"line":45,"column":37},"end":{"line":45,"column":46}},"line":45},"6":{"name":"(anonymous_6)","decl":{"start":{"line":50,"column":21},"end":{"line":50,"column":22}},"loc":{"start":{"line":50,"column":32},"end":{"line":50,"column":60}},"line":50},"7":{"name":"gerarExcel","decl":{"start":{"line":62,"column":15},"end":{"line":62,"column":25}},"loc":{"start":{"line":62,"column":66},"end":{"line":75,"column":1}},"line":62},"8":{"name":"(anonymous_8)","decl":{"start":{"line":66,"column":34},"end":{"line":66,"column":35}},"loc":{"start":{"line":66,"column":45},"end":{"line":70,"column":3}},"line":66},"9":{"name":"(anonymous_9)","decl":{"start":{"line":72,"column":16},"end":{"line":72,"column":17}},"loc":{"start":{"line":72,"column":24},"end":{"line":72,"column":46}},"line":72},"10":{"name":"gerarRelatorioDoacoesPDF","decl":{"start":{"line":83,"column":15},"end":{"line":83,"column":39}},"loc":{"start":{"line":83,"column":56},"end":{"line":101,"column":1}},"line":83},"11":{"name":"gerarRelatorioDoacoesExcel","decl":{"start":{"line":109,"column":15},"end":{"line":109,"column":41}},"loc":{"start":{"line":109,"column":58},"end":{"line":133,"column":1}},"line":109},"12":{"name":"gerarRelatorioDistribuicoesPDF","decl":{"start":{"line":141,"column":15},"end":{"line":141,"column":45}},"loc":{"start":{"line":141,"column":62},"end":{"line":159,"column":1}},"line":141},"13":{"name":"gerarRelatorioDistribuicoesExcel","decl":{"start":{"line":167,"column":15},"end":{"line":167,"column":47}},"loc":{"start":{"line":167,"column":64},"end":{"line":191,"column":1}},"line":167},"14":{"name":"gerarRelatorioFoodPDF","decl":{"start":{"line":199,"column":15},"end":{"line":199,"column":36}},"loc":{"start":{"line":199,"column":53},"end":{"line":208,"column":1}},"line":199},"15":{"name":"gerarRelatorioFoodExcel","decl":{"start":{"line":216,"column":15},"end":{"line":216,"column":38}},"loc":{"start":{"line":216,"column":55},"end":{"line":229,"column":1}},"line":216}},"branchMap":{"0":{"loc":{"start":{"line":16,"column":6},"end":{"line":20,"column":7}},"type":"if","locations":[{"start":{"line":16,"column":6},"end":{"line":20,"column":7}},{"start":{"line":18,"column":13},"end":{"line":20,"column":7}}],"line":16},"1":{"loc":{"start":{"line":69,"column":11},"end":{"line":69,"column":29}},"type":"binary-expr","locations":[{"start":{"line":69,"column":11},"end":{"line":69,"column":23}},{"start":{"line":69,"column":27},"end":{"line":69,"column":29}}],"line":69}},"s":{"0":5,"1":5,"2":5,"3":5,"4":0,"5":0,"6":0,"7":0,"8":0,"9":0,"10":0,"11":0,"12":0,"13":0,"14":0,"15":0,"16":0,"17":0,"18":0,"19":0,"20":0,"21":0,"22":0,"23":0,"24":0,"25":0,"26":0,"27":0,"28":0,"29":0,"30":0,"31":0,"32":0,"33":0,"34":0,"35":0,"36":0,"37":0,"38":0,"39":0,"40":0,"41":0,"42":0,"43":0,"44":0,"45":0,"46":0,"47":0,"48":0,"49":0,"50":0,"51":0,"52":0,"53":0,"54":0,"55":0,"56":0,"57":0,"58":0,"59":5},"f":{"0":0,"1":0,"2":0,"3":0,"4":0,"5":0,"6":0,"7":0,"8":0,"9":0,"10":0,"11":0,"12":0,"13":0,"14":0,"15":0},"b":{"0":[0,0],"1":[0,0]},"_coverageSchema":"1a1c01bbd47fc00a2c39e90264f33305004495a9","hash":"55d1bb88a77d78d7dcbceb88fb03d82c44dfc929"}
,"D:\\07-Controle de Estoque-App CFM\\routes\\auth.js": {"path":"D:\\07-Controle de Estoque-App CFM\\routes\\auth.js","statementMap":{"0":{"start":{"line":1,"column":16},"end":{"line":1,"column":34}},"1":{"start":{"line":2,"column":11},"end":{"line":2,"column":36}},"2":{"start":{"line":3,"column":15},"end":{"line":3,"column":32}},"3":{"start":{"line":4,"column":12},"end":{"line":4,"column":35}},"4":{"start":{"line":6,"column":15},"end":{"line":6,"column":31}},"5":{"start":{"line":9,"column":0},"end":{"line":42,"column":3}},"6":{"start":{"line":10,"column":33},"end":{"line":10,"column":41}},"7":{"start":{"line":12,"column":2},"end":{"line":14,"column":3}},"8":{"start":{"line":13,"column":4},"end":{"line":13,"column":79}},"9":{"start":{"line":16,"column":2},"end":{"line":41,"column":5}},"10":{"start":{"line":17,"column":4},"end":{"line":20,"column":5}},"11":{"start":{"line":18,"column":6},"end":{"line":18,"column":60}},"12":{"start":{"line":19,"column":6},"end":{"line":19,"column":65}},"13":{"start":{"line":22,"column":4},"end":{"line":24,"column":5}},"14":{"start":{"line":23,"column":6},"end":{"line":23,"column":71}},"15":{"start":{"line":27,"column":4},"end":{"line":40,"column":7}},"16":{"start":{"line":28,"column":6},"end":{"line":31,"column":7}},"17":{"start":{"line":29,"column":8},"end":{"line":29,"column":63}},"18":{"start":{"line":30,"column":8},"end":{"line":30,"column":67}},"19":{"start":{"line":33,"column":6},"end":{"line":35,"column":7}},"20":{"start":{"line":34,"column":8},"end":{"line":34,"column":79}},"21":{"start":{"line":38,"column":20},"end":{"line":38,"column":94}},"22":{"start":{"line":39,"column":6},"end":{"line":39,"column":26}},"23":{"start":{"line":44,"column":0},"end":{"line":44,"column":24}}},"fnMap":{"0":{"name":"(anonymous_0)","decl":{"start":{"line":9,"column":22},"end":{"line":9,"column":23}},"loc":{"start":{"line":9,"column":36},"end":{"line":42,"column":1}},"line":9},"1":{"name":"(anonymous_1)","decl":{"start":{"line":16,"column":63},"end":{"line":16,"column":64}},"loc":{"start":{"line":16,"column":78},"end":{"line":41,"column":3}},"line":16},"2":{"name":"(anonymous_2)","decl":{"start":{"line":27,"column":44},"end":{"line":27,"column":45}},"loc":{"start":{"line":27,"column":67},"end":{"line":40,"column":5}},"line":27}},"branchMap":{"0":{"loc":{"start":{"line":12,"column":2},"end":{"line":14,"column":3}},"type":"if","locations":[{"start":{"line":12,"column":2},"end":{"line":14,"column":3}},{"start":{},"end":{}}],"line":12},"1":{"loc":{"start":{"line":12,"column":6},"end":{"line":12,"column":28}},"type":"binary-expr","locations":[{"start":{"line":12,"column":6},"end":{"line":12,"column":15}},{"start":{"line":12,"column":19},"end":{"line":12,"column":28}}],"line":12},"2":{"loc":{"start":{"line":17,"column":4},"end":{"line":20,"column":5}},"type":"if","locations":[{"start":{"line":17,"column":4},"end":{"line":20,"column":5}},{"start":{},"end":{}}],"line":17},"3":{"loc":{"start":{"line":22,"column":4},"end":{"line":24,"column":5}},"type":"if","locations":[{"start":{"line":22,"column":4},"end":{"line":24,"column":5}},{"start":{},"end":{}}],"line":22},"4":{"loc":{"start":{"line":28,"column":6},"end":{"line":31,"column":7}},"type":"if","locations":[{"start":{"line":28,"column":6},"end":{"line":31,"column":7}},{"start":{},"end":{}}],"line":28},"5":{"loc":{"start":{"line":33,"column":6},"end":{"line":35,"column":7}},"type":"if","locations":[{"start":{"line":33,"column":6},"end":{"line":35,"column":7}},{"start":{},"end":{}}],"line":33},"6":{"loc":{"start":{"line":33,"column":10},"end":{"line":33,"column":63}},"type":"binary-expr","locations":[{"start":{"line":33,"column":10},"end":{"line":33,"column":15}},{"start":{"line":33,"column":19},"end":{"line":33,"column":63}}],"line":33}},"s":{"0":5,"1":5,"2":5,"3":5,"4":5,"5":5,"6":6,"7":6,"8":0,"9":6,"10":6,"11":0,"12":0,"13":6,"14":0,"15":6,"16":6,"17":0,"18":0,"19":6,"20":1,"21":5,"22":5,"23":5},"f":{"0":6,"1":6,"2":6},"b":{"0":[0,6],"1":[6,6],"2":[0,6],"3":[0,6],"4":[0,6],"5":[1,5],"6":[6,6]},"_coverageSchema":"1a1c01bbd47fc00a2c39e90264f33305004495a9","hash":"3d89749327ae39fd28bee41f145bb58e1a003f98"}
,"D:\\07-Controle de Estoque-App CFM\\routes\\dashboard.js": {"path":"D:\\07-Controle de Estoque-App CFM\\routes\\dashboard.js","statementMap":{"0":{"start":{"line":1,"column":16},"end":{"line":1,"column":34}},"1":{"start":{"line":2,"column":11},"end":{"line":2,"column":36}},"2":{"start":{"line":3,"column":24},"end":{"line":3,"column":53}},"3":{"start":{"line":4,"column":15},"end":{"line":4,"column":31}},"4":{"start":{"line":7,"column":0},"end":{"line":22,"column":3}},"5":{"start":{"line":8,"column":4},"end":{"line":21,"column":5}},"6":{"start":{"line":9,"column":31},"end":{"line":9,"column":60}},"7":{"start":{"line":10,"column":29},"end":{"line":10,"column":62}},"8":{"start":{"line":11,"column":35},"end":{"line":11,"column":72}},"9":{"start":{"line":13,"column":8},"end":{"line":17,"column":11}},"10":{"start":{"line":19,"column":8},"end":{"line":19,"column":72}},"11":{"start":{"line":20,"column":8},"end":{"line":20,"column":75}},"12":{"start":{"line":26,"column":4},"end":{"line":31,"column":7}},"13":{"start":{"line":27,"column":8},"end":{"line":30,"column":11}},"14":{"start":{"line":28,"column":12},"end":{"line":29,"column":36}},"15":{"start":{"line":28,"column":21},"end":{"line":28,"column":33}},"16":{"start":{"line":29,"column":17},"end":{"line":29,"column":36}},"17":{"start":{"line":34,"column":0},"end":{"line":34,"column":24}}},"fnMap":{"0":{"name":"(anonymous_0)","decl":{"start":{"line":7,"column":33},"end":{"line":7,"column":34}},"loc":{"start":{"line":7,"column":53},"end":{"line":22,"column":1}},"line":7},"1":{"name":"contarRegistros","decl":{"start":{"line":25,"column":9},"end":{"line":25,"column":24}},"loc":{"start":{"line":25,"column":33},"end":{"line":32,"column":1}},"line":25},"2":{"name":"(anonymous_2)","decl":{"start":{"line":26,"column":23},"end":{"line":26,"column":24}},"loc":{"start":{"line":26,"column":44},"end":{"line":31,"column":5}},"line":26},"3":{"name":"(anonymous_3)","decl":{"start":{"line":27,"column":58},"end":{"line":27,"column":59}},"loc":{"start":{"line":27,"column":72},"end":{"line":30,"column":9}},"line":27}},"branchMap":{"0":{"loc":{"start":{"line":28,"column":12},"end":{"line":29,"column":36}},"type":"if","locations":[{"start":{"line":28,"column":12},"end":{"line":29,"column":36}},{"start":{"line":29,"column":17},"end":{"line":29,"column":36}}],"line":28}},"s":{"0":5,"1":5,"2":5,"3":5,"4":5,"5":0,"6":0,"7":0,"8":0,"9":0,"10":0,"11":0,"12":0,"13":0,"14":0,"15":0,"16":0,"17":5},"f":{"0":0,"1":0,"2":0,"3":0},"b":{"0":[0,0]},"_coverageSchema":"1a1c01bbd47fc00a2c39e90264f33305004495a9","hash":"a93c90aa0dc5502687ba86447341a57f4b573ebb"}
,"D:\\07-Controle de Estoque-App CFM\\routes\\distribution.js": {"path":"D:\\07-Controle de Estoque-App CFM\\routes\\distribution.js","statementMap":{"0":{"start":{"line":1,"column":16},"end":{"line":1,"column":34}},"1":{"start":{"line":2,"column":15},"end":{"line":2,"column":31}},"2":{"start":{"line":3,"column":11},"end":{"line":3,"column":36}},"3":{"start":{"line":6,"column":0},"end":{"line":19,"column":3}},"4":{"start":{"line":7,"column":4},"end":{"line":18,"column":7}},"5":{"start":{"line":13,"column":8},"end":{"line":16,"column":9}},"6":{"start":{"line":14,"column":12},"end":{"line":14,"column":74}},"7":{"start":{"line":15,"column":12},"end":{"line":15,"column":79}},"8":{"start":{"line":17,"column":8},"end":{"line":17,"column":23}},"9":{"start":{"line":22,"column":0},"end":{"line":68,"column":3}},"10":{"start":{"line":23,"column":46},"end":{"line":23,"column":54}},"11":{"start":{"line":26,"column":4},"end":{"line":28,"column":5}},"12":{"start":{"line":27,"column":8},"end":{"line":27,"column":80}},"13":{"start":{"line":30,"column":4},"end":{"line":67,"column":7}},"14":{"start":{"line":31,"column":8},"end":{"line":66,"column":11}},"15":{"start":{"line":32,"column":12},"end":{"line":35,"column":13}},"16":{"start":{"line":33,"column":16},"end":{"line":33,"column":75}},"17":{"start":{"line":34,"column":16},"end":{"line":34,"column":85}},"18":{"start":{"line":36,"column":12},"end":{"line":38,"column":13}},"19":{"start":{"line":37,"column":16},"end":{"line":37,"column":94}},"20":{"start":{"line":40,"column":12},"end":{"line":40,"column":40}},"21":{"start":{"line":42,"column":12},"end":{"line":65,"column":15}},"22":{"start":{"line":46,"column":16},"end":{"line":50,"column":17}},"23":{"start":{"line":47,"column":20},"end":{"line":47,"column":84}},"24":{"start":{"line":48,"column":20},"end":{"line":48,"column":39}},"25":{"start":{"line":49,"column":20},"end":{"line":49,"column":94}},"26":{"start":{"line":53,"column":16},"end":{"line":64,"column":19}},"27":{"start":{"line":56,"column":20},"end":{"line":60,"column":21}},"28":{"start":{"line":57,"column":24},"end":{"line":57,"column":89}},"29":{"start":{"line":58,"column":24},"end":{"line":58,"column":43}},"30":{"start":{"line":59,"column":24},"end":{"line":59,"column":93}},"31":{"start":{"line":62,"column":20},"end":{"line":62,"column":37}},"32":{"start":{"line":63,"column":20},"end":{"line":63,"column":111}},"33":{"start":{"line":71,"column":0},"end":{"line":108,"column":3}},"34":{"start":{"line":72,"column":19},"end":{"line":72,"column":29}},"35":{"start":{"line":74,"column":4},"end":{"line":107,"column":7}},"36":{"start":{"line":75,"column":8},"end":{"line":106,"column":11}},"37":{"start":{"line":76,"column":12},"end":{"line":79,"column":13}},"38":{"start":{"line":77,"column":16},"end":{"line":77,"column":77}},"39":{"start":{"line":78,"column":16},"end":{"line":78,"column":87}},"40":{"start":{"line":80,"column":12},"end":{"line":82,"column":13}},"41":{"start":{"line":81,"column":16},"end":{"line":81,"column":87}},"42":{"start":{"line":84,"column":42},"end":{"line":84,"column":45}},"43":{"start":{"line":86,"column":12},"end":{"line":86,"column":40}},"44":{"start":{"line":88,"column":12},"end":{"line":105,"column":15}},"45":{"start":{"line":89,"column":16},"end":{"line":93,"column":17}},"46":{"start":{"line":90,"column":20},"end":{"line":90,"column":82}},"47":{"start":{"line":91,"column":20},"end":{"line":91,"column":39}},"48":{"start":{"line":92,"column":20},"end":{"line":92,"column":92}},"49":{"start":{"line":95,"column":16},"end":{"line":104,"column":19}},"50":{"start":{"line":96,"column":20},"end":{"line":100,"column":21}},"51":{"start":{"line":97,"column":24},"end":{"line":97,"column":89}},"52":{"start":{"line":98,"column":24},"end":{"line":98,"column":43}},"53":{"start":{"line":99,"column":24},"end":{"line":99,"column":93}},"54":{"start":{"line":102,"column":20},"end":{"line":102,"column":37}},"55":{"start":{"line":103,"column":20},"end":{"line":103,"column":110}},"56":{"start":{"line":110,"column":0},"end":{"line":110,"column":24}}},"fnMap":{"0":{"name":"(anonymous_0)","decl":{"start":{"line":6,"column":16},"end":{"line":6,"column":17}},"loc":{"start":{"line":6,"column":30},"end":{"line":19,"column":1}},"line":6},"1":{"name":"(anonymous_1)","decl":{"start":{"line":12,"column":11},"end":{"line":12,"column":12}},"loc":{"start":{"line":12,"column":26},"end":{"line":18,"column":5}},"line":12},"2":{"name":"(anonymous_2)","decl":{"start":{"line":22,"column":17},"end":{"line":22,"column":18}},"loc":{"start":{"line":22,"column":31},"end":{"line":68,"column":1}},"line":22},"3":{"name":"(anonymous_3)","decl":{"start":{"line":30,"column":17},"end":{"line":30,"column":18}},"loc":{"start":{"line":30,"column":23},"end":{"line":67,"column":5}},"line":30},"4":{"name":"(anonymous_4)","decl":{"start":{"line":31,"column":68},"end":{"line":31,"column":69}},"loc":{"start":{"line":31,"column":82},"end":{"line":66,"column":9}},"line":31},"5":{"name":"(anonymous_5)","decl":{"start":{"line":45,"column":48},"end":{"line":45,"column":49}},"loc":{"start":{"line":45,"column":63},"end":{"line":65,"column":13}},"line":45},"6":{"name":"(anonymous_6)","decl":{"start":{"line":55,"column":40},"end":{"line":55,"column":41}},"loc":{"start":{"line":55,"column":61},"end":{"line":64,"column":17}},"line":55},"7":{"name":"(anonymous_7)","decl":{"start":{"line":71,"column":22},"end":{"line":71,"column":23}},"loc":{"start":{"line":71,"column":36},"end":{"line":108,"column":1}},"line":71},"8":{"name":"(anonymous_8)","decl":{"start":{"line":74,"column":17},"end":{"line":74,"column":18}},"loc":{"start":{"line":74,"column":23},"end":{"line":107,"column":5}},"line":74},"9":{"name":"(anonymous_9)","decl":{"start":{"line":75,"column":80},"end":{"line":75,"column":81}},"loc":{"start":{"line":75,"column":94},"end":{"line":106,"column":9}},"line":75},"10":{"name":"(anonymous_10)","decl":{"start":{"line":88,"column":66},"end":{"line":88,"column":67}},"loc":{"start":{"line":88,"column":81},"end":{"line":105,"column":13}},"line":88},"11":{"name":"(anonymous_11)","decl":{"start":{"line":95,"column":100},"end":{"line":95,"column":101}},"loc":{"start":{"line":95,"column":121},"end":{"line":104,"column":17}},"line":95}},"branchMap":{"0":{"loc":{"start":{"line":13,"column":8},"end":{"line":16,"column":9}},"type":"if","locations":[{"start":{"line":13,"column":8},"end":{"line":16,"column":9}},{"start":{},"end":{}}],"line":13},"1":{"loc":{"start":{"line":26,"column":4},"end":{"line":28,"column":5}},"type":"if","locations":[{"start":{"line":26,"column":4},"end":{"line":28,"column":5}},{"start":{},"end":{}}],"line":26},"2":{"loc":{"start":{"line":26,"column":8},"end":{"line":26,"column":44}},"type":"binary-expr","locations":[{"start":{"line":26,"column":8},"end":{"line":26,"column":16}},{"start":{"line":26,"column":20},"end":{"line":26,"column":29}},{"start":{"line":26,"column":33},"end":{"line":26,"column":44}}],"line":26},"3":{"loc":{"start":{"line":32,"column":12},"end":{"line":35,"column":13}},"type":"if","locations":[{"start":{"line":32,"column":12},"end":{"line":35,"column":13}},{"start":{},"end":{}}],"line":32},"4":{"loc":{"start":{"line":36,"column":12},"end":{"line":38,"column":13}},"type":"if","locations":[{"start":{"line":36,"column":12},"end":{"line":38,"column":13}},{"start":{},"end":{}}],"line":36},"5":{"loc":{"start":{"line":36,"column":16},"end":{"line":36,"column":47}},"type":"binary-expr","locations":[{"start":{"line":36,"column":16},"end":{"line":36,"column":20}},{"start":{"line":36,"column":24},"end":{"line":36,"column":47}}],"line":36},"6":{"loc":{"start":{"line":46,"column":16},"end":{"line":50,"column":17}},"type":"if","locations":[{"start":{"line":46,"column":16},"end":{"line":50,"column":17}},{"start":{},"end":{}}],"line":46},"7":{"loc":{"start":{"line":56,"column":20},"end":{"line":60,"column":21}},"type":"if","locations":[{"start":{"line":56,"column":20},"end":{"line":60,"column":21}},{"start":{},"end":{}}],"line":56},"8":{"loc":{"start":{"line":76,"column":12},"end":{"line":79,"column":13}},"type":"if","locations":[{"start":{"line":76,"column":12},"end":{"line":79,"column":13}},{"start":{},"end":{}}],"line":76},"9":{"loc":{"start":{"line":80,"column":12},"end":{"line":82,"column":13}},"type":"if","locations":[{"start":{"line":80,"column":12},"end":{"line":82,"column":13}},{"start":{},"end":{}}],"line":80},"10":{"loc":{"start":{"line":89,"column":16},"end":{"line":93,"column":17}},"type":"if","locations":[{"start":{"line":89,"column":16},"end":{"line":93,"column":17}},{"start":{},"end":{}}],"line":89},"11":{"loc":{"start":{"line":96,"column":20},"end":{"line":100,"column":21}},"type":"if","locations":[{"start":{"line":96,"column":20},"end":{"line":100,"column":21}},{"start":{},"end":{}}],"line":96}},"s":{"0":5,"1":5,"2":5,"3":5,"4":1,"5":1,"6":0,"7":0,"8":1,"9":5,"10":2,"11":2,"12":0,"13":2,"14":2,"15":2,"16":0,"17":0,"18":2,"19":1,"20":1,"21":1,"22":1,"23":0,"24":0,"25":0,"26":1,"27":1,"28":0,"29":0,"30":0,"31":1,"32":1,"33":5,"34":0,"35":0,"36":0,"37":0,"38":0,"39":0,"40":0,"41":0,"42":0,"43":0,"44":0,"45":0,"46":0,"47":0,"48":0,"49":0,"50":0,"51":0,"52":0,"53":0,"54":0,"55":0,"56":5},"f":{"0":1,"1":1,"2":2,"3":2,"4":2,"5":1,"6":1,"7":0,"8":0,"9":0,"10":0,"11":0},"b":{"0":[0,1],"1":[0,2],"2":[2,2,2],"3":[0,2],"4":[1,1],"5":[2,2],"6":[0,1],"7":[0,1],"8":[0,0],"9":[0,0],"10":[0,0],"11":[0,0]},"_coverageSchema":"1a1c01bbd47fc00a2c39e90264f33305004495a9","hash":"35d49a5ab7b1a63970af881ef962e8f0dc6fd9e9"}
,"D:\\07-Controle de Estoque-App CFM\\routes\\donation.js": {"path":"D:\\07-Controle de Estoque-App CFM\\routes\\donation.js","statementMap":{"0":{"start":{"line":1,"column":16},"end":{"line":1,"column":34}},"1":{"start":{"line":2,"column":11},"end":{"line":2,"column":36}},"2":{"start":{"line":3,"column":24},"end":{"line":3,"column":53}},"3":{"start":{"line":5,"column":15},"end":{"line":5,"column":31}},"4":{"start":{"line":9,"column":0},"end":{"line":41,"column":3}},"5":{"start":{"line":10,"column":44},"end":{"line":10,"column":52}},"6":{"start":{"line":12,"column":2},"end":{"line":15,"column":3}},"7":{"start":{"line":13,"column":4},"end":{"line":13,"column":76}},"8":{"start":{"line":14,"column":4},"end":{"line":14,"column":92}},"9":{"start":{"line":17,"column":2},"end":{"line":17,"column":103}},"10":{"start":{"line":19,"column":20},"end":{"line":19,"column":91}},"11":{"start":{"line":21,"column":2},"end":{"line":40,"column":5}},"12":{"start":{"line":22,"column":4},"end":{"line":25,"column":5}},"13":{"start":{"line":23,"column":6},"end":{"line":23,"column":65}},"14":{"start":{"line":24,"column":6},"end":{"line":24,"column":74}},"15":{"start":{"line":27,"column":4},"end":{"line":27,"column":69}},"16":{"start":{"line":30,"column":22},"end":{"line":30,"column":76}},"17":{"start":{"line":31,"column":4},"end":{"line":39,"column":7}},"18":{"start":{"line":32,"column":6},"end":{"line":35,"column":7}},"19":{"start":{"line":33,"column":8},"end":{"line":33,"column":74}},"20":{"start":{"line":34,"column":8},"end":{"line":34,"column":77}},"21":{"start":{"line":37,"column":6},"end":{"line":37,"column":72}},"22":{"start":{"line":38,"column":6},"end":{"line":38,"column":79}},"23":{"start":{"line":43,"column":0},"end":{"line":61,"column":3}},"24":{"start":{"line":44,"column":4},"end":{"line":60,"column":7}},"25":{"start":{"line":55,"column":8},"end":{"line":58,"column":9}},"26":{"start":{"line":56,"column":12},"end":{"line":56,"column":58}},"27":{"start":{"line":57,"column":12},"end":{"line":57,"column":78}},"28":{"start":{"line":59,"column":8},"end":{"line":59,"column":23}},"29":{"start":{"line":64,"column":21},"end":{"line":64,"column":71}},"30":{"start":{"line":65,"column":25},"end":{"line":65,"column":64}},"31":{"start":{"line":67,"column":4},"end":{"line":71,"column":5}},"32":{"start":{"line":68,"column":8},"end":{"line":68,"column":66}},"33":{"start":{"line":69,"column":8},"end":{"line":69,"column":41}},"34":{"start":{"line":70,"column":8},"end":{"line":70,"column":15}},"35":{"start":{"line":73,"column":4},"end":{"line":94,"column":5}},"36":{"start":{"line":74,"column":25},"end":{"line":76,"column":10}},"37":{"start":{"line":78,"column":21},"end":{"line":78,"column":42}},"38":{"start":{"line":80,"column":8},"end":{"line":89,"column":9}},"39":{"start":{"line":81,"column":12},"end":{"line":81,"column":120}},"40":{"start":{"line":82,"column":12},"end":{"line":82,"column":47}},"41":{"start":{"line":85,"column":12},"end":{"line":85,"column":70}},"42":{"start":{"line":87,"column":12},"end":{"line":87,"column":66}},"43":{"start":{"line":88,"column":12},"end":{"line":88,"column":45}},"44":{"start":{"line":91,"column":8},"end":{"line":91,"column":57}},"45":{"start":{"line":92,"column":8},"end":{"line":92,"column":62}},"46":{"start":{"line":93,"column":8},"end":{"line":93,"column":41}},"47":{"start":{"line":97,"column":0},"end":{"line":119,"column":5}},"48":{"start":{"line":98,"column":19},"end":{"line":98,"column":29}},"49":{"start":{"line":100,"column":4},"end":{"line":118,"column":7}},"50":{"start":{"line":101,"column":6},"end":{"line":104,"column":7}},"51":{"start":{"line":102,"column":8},"end":{"line":102,"column":61}},"52":{"start":{"line":103,"column":8},"end":{"line":103,"column":68}},"53":{"start":{"line":106,"column":6},"end":{"line":108,"column":7}},"54":{"start":{"line":107,"column":8},"end":{"line":107,"column":73}},"55":{"start":{"line":110,"column":6},"end":{"line":117,"column":9}},"56":{"start":{"line":111,"column":8},"end":{"line":114,"column":9}},"57":{"start":{"line":112,"column":10},"end":{"line":112,"column":64}},"58":{"start":{"line":113,"column":10},"end":{"line":113,"column":76}},"59":{"start":{"line":116,"column":8},"end":{"line":116,"column":62}},"60":{"start":{"line":121,"column":0},"end":{"line":121,"column":24}}},"fnMap":{"0":{"name":"(anonymous_0)","decl":{"start":{"line":9,"column":34},"end":{"line":9,"column":35}},"loc":{"start":{"line":9,"column":48},"end":{"line":41,"column":1}},"line":9},"1":{"name":"(anonymous_1)","decl":{"start":{"line":21,"column":66},"end":{"line":21,"column":67}},"loc":{"start":{"line":21,"column":81},"end":{"line":40,"column":3}},"line":21},"2":{"name":"(anonymous_2)","decl":{"start":{"line":31,"column":43},"end":{"line":31,"column":44}},"loc":{"start":{"line":31,"column":64},"end":{"line":39,"column":5}},"line":31},"3":{"name":"(anonymous_3)","decl":{"start":{"line":43,"column":33},"end":{"line":43,"column":34}},"loc":{"start":{"line":43,"column":47},"end":{"line":61,"column":1}},"line":43},"4":{"name":"(anonymous_4)","decl":{"start":{"line":54,"column":11},"end":{"line":54,"column":12}},"loc":{"start":{"line":54,"column":26},"end":{"line":60,"column":5}},"line":54},"5":{"name":"searchFood","decl":{"start":{"line":63,"column":15},"end":{"line":63,"column":25}},"loc":{"start":{"line":63,"column":28},"end":{"line":95,"column":1}},"line":63},"6":{"name":"(anonymous_6)","decl":{"start":{"line":97,"column":39},"end":{"line":97,"column":40}},"loc":{"start":{"line":97,"column":53},"end":{"line":119,"column":3}},"line":97},"7":{"name":"(anonymous_7)","decl":{"start":{"line":100,"column":57},"end":{"line":100,"column":58}},"loc":{"start":{"line":100,"column":71},"end":{"line":118,"column":5}},"line":100},"8":{"name":"(anonymous_8)","decl":{"start":{"line":110,"column":56},"end":{"line":110,"column":57}},"loc":{"start":{"line":110,"column":71},"end":{"line":117,"column":7}},"line":110}},"branchMap":{"0":{"loc":{"start":{"line":12,"column":2},"end":{"line":15,"column":3}},"type":"if","locations":[{"start":{"line":12,"column":2},"end":{"line":15,"column":3}},{"start":{},"end":{}}],"line":12},"1":{"loc":{"start":{"line":12,"column":6},"end":{"line":12,"column":27}},"type":"binary-expr","locations":[{"start":{"line":12,"column":6},"end":{"line":12,"column":14}},{"start":{"line":12,"column":18},"end":{"line":12,"column":27}}],"line":12},"2":{"loc":{"start":{"line":21,"column":40},"end":{"line":21,"column":63}},"type":"binary-expr","locations":[{"start":{"line":21,"column":40},"end":{"line":21,"column":50}},{"start":{"line":21,"column":54},"end":{"line":21,"column":63}}],"line":21},"3":{"loc":{"start":{"line":22,"column":4},"end":{"line":25,"column":5}},"type":"if","locations":[{"start":{"line":22,"column":4},"end":{"line":25,"column":5}},{"start":{},"end":{}}],"line":22},"4":{"loc":{"start":{"line":32,"column":6},"end":{"line":35,"column":7}},"type":"if","locations":[{"start":{"line":32,"column":6},"end":{"line":35,"column":7}},{"start":{},"end":{}}],"line":32},"5":{"loc":{"start":{"line":55,"column":8},"end":{"line":58,"column":9}},"type":"if","locations":[{"start":{"line":55,"column":8},"end":{"line":58,"column":9}},{"start":{},"end":{}}],"line":55},"6":{"loc":{"start":{"line":67,"column":4},"end":{"line":71,"column":5}},"type":"if","locations":[{"start":{"line":67,"column":4},"end":{"line":71,"column":5}},{"start":{},"end":{}}],"line":67},"7":{"loc":{"start":{"line":80,"column":8},"end":{"line":89,"column":9}},"type":"if","locations":[{"start":{"line":80,"column":8},"end":{"line":89,"column":9}},{"start":{"line":86,"column":15},"end":{"line":89,"column":9}}],"line":80},"8":{"loc":{"start":{"line":80,"column":12},"end":{"line":80,"column":31}},"type":"binary-expr","locations":[{"start":{"line":80,"column":12},"end":{"line":80,"column":23}},{"start":{"line":80,"column":27},"end":{"line":80,"column":31}}],"line":80},"9":{"loc":{"start":{"line":101,"column":6},"end":{"line":104,"column":7}},"type":"if","locations":[{"start":{"line":101,"column":6},"end":{"line":104,"column":7}},{"start":{},"end":{}}],"line":101},"10":{"loc":{"start":{"line":106,"column":6},"end":{"line":108,"column":7}},"type":"if","locations":[{"start":{"line":106,"column":6},"end":{"line":108,"column":7}},{"start":{},"end":{}}],"line":106},"11":{"loc":{"start":{"line":111,"column":8},"end":{"line":114,"column":9}},"type":"if","locations":[{"start":{"line":111,"column":8},"end":{"line":114,"column":9}},{"start":{},"end":{}}],"line":111}},"s":{"0":5,"1":5,"2":5,"3":5,"4":5,"5":2,"6":2,"7":0,"8":0,"9":2,"10":2,"11":2,"12":2,"13":0,"14":0,"15":2,"16":2,"17":2,"18":2,"19":0,"20":0,"21":2,"22":2,"23":5,"24":1,"25":1,"26":0,"27":0,"28":1,"29":0,"30":0,"31":0,"32":0,"33":0,"34":0,"35":0,"36":0,"37":0,"38":0,"39":0,"40":0,"41":0,"42":0,"43":0,"44":0,"45":0,"46":0,"47":5,"48":1,"49":1,"50":1,"51":0,"52":0,"53":1,"54":0,"55":1,"56":1,"57":0,"58":0,"59":1,"60":5},"f":{"0":2,"1":2,"2":2,"3":1,"4":1,"5":0,"6":1,"7":1,"8":1},"b":{"0":[0,2],"1":[2,2],"2":[2,0],"3":[0,2],"4":[0,2],"5":[0,1],"6":[0,0],"7":[0,0],"8":[0,0],"9":[0,1],"10":[0,1],"11":[0,1]},"_coverageSchema":"1a1c01bbd47fc00a2c39e90264f33305004495a9","hash":"c5225bd4f4d9a9cf3d274dd216a6ba4ea3f97911"}
,"D:\\07-Controle de Estoque-App CFM\\routes\\food.js": {"path":"D:\\07-Controle de Estoque-App CFM\\routes\\food.js","statementMap":{"0":{"start":{"line":1,"column":16},"end":{"line":1,"column":34}},"1":{"start":{"line":2,"column":11},"end":{"line":2,"column":36}},"2":{"start":{"line":3,"column":24},"end":{"line":3,"column":53}},"3":{"start":{"line":4,"column":15},"end":{"line":4,"column":31}},"4":{"start":{"line":7,"column":0},"end":{"line":27,"column":3}},"5":{"start":{"line":8,"column":19},"end":{"line":8,"column":28}},"6":{"start":{"line":10,"column":2},"end":{"line":26,"column":3}},"7":{"start":{"line":11,"column":6},"end":{"line":17,"column":9}},"8":{"start":{"line":12,"column":10},"end":{"line":15,"column":11}},"9":{"start":{"line":13,"column":14},"end":{"line":13,"column":69}},"10":{"start":{"line":14,"column":14},"end":{"line":14,"column":81}},"11":{"start":{"line":16,"column":10},"end":{"line":16,"column":32}},"12":{"start":{"line":19,"column":6},"end":{"line":25,"column":9}},"13":{"start":{"line":20,"column":10},"end":{"line":23,"column":11}},"14":{"start":{"line":21,"column":14},"end":{"line":21,"column":70}},"15":{"start":{"line":22,"column":14},"end":{"line":22,"column":82}},"16":{"start":{"line":24,"column":10},"end":{"line":24,"column":25}},"17":{"start":{"line":30,"column":0},"end":{"line":38,"column":3}},"18":{"start":{"line":31,"column":2},"end":{"line":37,"column":5}},"19":{"start":{"line":32,"column":4},"end":{"line":35,"column":5}},"20":{"start":{"line":33,"column":6},"end":{"line":33,"column":62}},"21":{"start":{"line":34,"column":6},"end":{"line":34,"column":74}},"22":{"start":{"line":36,"column":4},"end":{"line":36,"column":19}},"23":{"start":{"line":41,"column":0},"end":{"line":75,"column":3}},"24":{"start":{"line":42,"column":29},"end":{"line":42,"column":37}},"25":{"start":{"line":44,"column":2},"end":{"line":46,"column":3}},"26":{"start":{"line":45,"column":4},"end":{"line":45,"column":82}},"27":{"start":{"line":48,"column":2},"end":{"line":74,"column":5}},"28":{"start":{"line":49,"column":4},"end":{"line":52,"column":5}},"29":{"start":{"line":50,"column":6},"end":{"line":50,"column":64}},"30":{"start":{"line":51,"column":6},"end":{"line":51,"column":76}},"31":{"start":{"line":54,"column":4},"end":{"line":73,"column":5}},"32":{"start":{"line":56,"column":26},"end":{"line":56,"column":63}},"33":{"start":{"line":57,"column":6},"end":{"line":63,"column":9}},"34":{"start":{"line":58,"column":8},"end":{"line":61,"column":9}},"35":{"start":{"line":59,"column":10},"end":{"line":59,"column":67}},"36":{"start":{"line":60,"column":10},"end":{"line":60,"column":79}},"37":{"start":{"line":62,"column":8},"end":{"line":62,"column":125}},"38":{"start":{"line":66,"column":6},"end":{"line":72,"column":9}},"39":{"start":{"line":67,"column":8},"end":{"line":70,"column":9}},"40":{"start":{"line":68,"column":10},"end":{"line":68,"column":68}},"41":{"start":{"line":69,"column":10},"end":{"line":69,"column":80}},"42":{"start":{"line":71,"column":8},"end":{"line":71,"column":118}},"43":{"start":{"line":78,"column":0},"end":{"line":93,"column":3}},"44":{"start":{"line":79,"column":17},"end":{"line":79,"column":27}},"45":{"start":{"line":81,"column":6},"end":{"line":92,"column":7}},"46":{"start":{"line":82,"column":8},"end":{"line":85,"column":9}},"47":{"start":{"line":83,"column":12},"end":{"line":83,"column":68}},"48":{"start":{"line":84,"column":12},"end":{"line":84,"column":80}},"49":{"start":{"line":87,"column":8},"end":{"line":89,"column":9}},"50":{"start":{"line":88,"column":12},"end":{"line":88,"column":79}},"51":{"start":{"line":91,"column":8},"end":{"line":91,"column":64}},"52":{"start":{"line":96,"column":0},"end":{"line":127,"column":3}},"53":{"start":{"line":97,"column":17},"end":{"line":97,"column":27}},"54":{"start":{"line":98,"column":29},"end":{"line":98,"column":37}},"55":{"start":{"line":100,"column":2},"end":{"line":126,"column":5}},"56":{"start":{"line":101,"column":4},"end":{"line":104,"column":5}},"57":{"start":{"line":102,"column":6},"end":{"line":102,"column":61}},"58":{"start":{"line":103,"column":6},"end":{"line":103,"column":73}},"59":{"start":{"line":106,"column":4},"end":{"line":108,"column":5}},"60":{"start":{"line":107,"column":6},"end":{"line":107,"column":73}},"61":{"start":{"line":110,"column":4},"end":{"line":125,"column":6}},"62":{"start":{"line":114,"column":8},"end":{"line":117,"column":9}},"63":{"start":{"line":115,"column":10},"end":{"line":115,"column":68}},"64":{"start":{"line":116,"column":10},"end":{"line":116,"column":80}},"65":{"start":{"line":119,"column":8},"end":{"line":121,"column":9}},"66":{"start":{"line":120,"column":10},"end":{"line":120,"column":77}},"67":{"start":{"line":123,"column":8},"end":{"line":123,"column":66}},"68":{"start":{"line":130,"column":0},"end":{"line":130,"column":24}}},"fnMap":{"0":{"name":"(anonymous_0)","decl":{"start":{"line":7,"column":33},"end":{"line":7,"column":34}},"loc":{"start":{"line":7,"column":47},"end":{"line":27,"column":1}},"line":7},"1":{"name":"(anonymous_1)","decl":{"start":{"line":11,"column":68},"end":{"line":11,"column":69}},"loc":{"start":{"line":11,"column":83},"end":{"line":17,"column":7}},"line":11},"2":{"name":"(anonymous_2)","decl":{"start":{"line":19,"column":39},"end":{"line":19,"column":40}},"loc":{"start":{"line":19,"column":54},"end":{"line":25,"column":7}},"line":19},"3":{"name":"(anonymous_3)","decl":{"start":{"line":30,"column":33},"end":{"line":30,"column":34}},"loc":{"start":{"line":30,"column":47},"end":{"line":38,"column":1}},"line":30},"4":{"name":"(anonymous_4)","decl":{"start":{"line":31,"column":35},"end":{"line":31,"column":36}},"loc":{"start":{"line":31,"column":50},"end":{"line":37,"column":3}},"line":31},"5":{"name":"(anonymous_5)","decl":{"start":{"line":41,"column":34},"end":{"line":41,"column":35}},"loc":{"start":{"line":41,"column":48},"end":{"line":75,"column":1}},"line":41},"6":{"name":"(anonymous_6)","decl":{"start":{"line":48,"column":54},"end":{"line":48,"column":55}},"loc":{"start":{"line":48,"column":68},"end":{"line":74,"column":3}},"line":48},"7":{"name":"(anonymous_7)","decl":{"start":{"line":57,"column":81},"end":{"line":57,"column":82}},"loc":{"start":{"line":57,"column":96},"end":{"line":63,"column":7}},"line":57},"8":{"name":"(anonymous_8)","decl":{"start":{"line":66,"column":82},"end":{"line":66,"column":83}},"loc":{"start":{"line":66,"column":97},"end":{"line":72,"column":7}},"line":66},"9":{"name":"(anonymous_9)","decl":{"start":{"line":78,"column":39},"end":{"line":78,"column":40}},"loc":{"start":{"line":78,"column":53},"end":{"line":93,"column":1}},"line":78},"10":{"name":"(anonymous_10)","decl":{"start":{"line":81,"column":52},"end":{"line":81,"column":53}},"loc":{"start":{"line":81,"column":67},"end":{"line":92,"column":5}},"line":81},"11":{"name":"(anonymous_11)","decl":{"start":{"line":96,"column":36},"end":{"line":96,"column":37}},"loc":{"start":{"line":96,"column":50},"end":{"line":127,"column":1}},"line":96},"12":{"name":"(anonymous_12)","decl":{"start":{"line":100,"column":50},"end":{"line":100,"column":51}},"loc":{"start":{"line":100,"column":64},"end":{"line":126,"column":3}},"line":100},"13":{"name":"(anonymous_13)","decl":{"start":{"line":113,"column":6},"end":{"line":113,"column":7}},"loc":{"start":{"line":113,"column":21},"end":{"line":124,"column":7}},"line":113}},"branchMap":{"0":{"loc":{"start":{"line":10,"column":2},"end":{"line":26,"column":3}},"type":"if","locations":[{"start":{"line":10,"column":2},"end":{"line":26,"column":3}},{"start":{"line":18,"column":9},"end":{"line":26,"column":3}}],"line":10},"1":{"loc":{"start":{"line":12,"column":10},"end":{"line":15,"column":11}},"type":"if","locations":[{"start":{"line":12,"column":10},"end":{"line":15,"column":11}},{"start":{},"end":{}}],"line":12},"2":{"loc":{"start":{"line":20,"column":10},"end":{"line":23,"column":11}},"type":"if","locations":[{"start":{"line":20,"column":10},"end":{"line":23,"column":11}},{"start":{},"end":{}}],"line":20},"3":{"loc":{"start":{"line":32,"column":4},"end":{"line":35,"column":5}},"type":"if","locations":[{"start":{"line":32,"column":4},"end":{"line":35,"column":5}},{"start":{},"end":{}}],"line":32},"4":{"loc":{"start":{"line":44,"column":2},"end":{"line":46,"column":3}},"type":"if","locations":[{"start":{"line":44,"column":2},"end":{"line":46,"column":3}},{"start":{},"end":{}}],"line":44},"5":{"loc":{"start":{"line":44,"column":6},"end":{"line":44,"column":24}},"type":"binary-expr","locations":[{"start":{"line":44,"column":6},"end":{"line":44,"column":11}},{"start":{"line":44,"column":15},"end":{"line":44,"column":24}}],"line":44},"6":{"loc":{"start":{"line":49,"column":4},"end":{"line":52,"column":5}},"type":"if","locations":[{"start":{"line":49,"column":4},"end":{"line":52,"column":5}},{"start":{},"end":{}}],"line":49},"7":{"loc":{"start":{"line":54,"column":4},"end":{"line":73,"column":5}},"type":"if","locations":[{"start":{"line":54,"column":4},"end":{"line":73,"column":5}},{"start":{"line":64,"column":11},"end":{"line":73,"column":5}}],"line":54},"8":{"loc":{"start":{"line":58,"column":8},"end":{"line":61,"column":9}},"type":"if","locations":[{"start":{"line":58,"column":8},"end":{"line":61,"column":9}},{"start":{},"end":{}}],"line":58},"9":{"loc":{"start":{"line":67,"column":8},"end":{"line":70,"column":9}},"type":"if","locations":[{"start":{"line":67,"column":8},"end":{"line":70,"column":9}},{"start":{},"end":{}}],"line":67},"10":{"loc":{"start":{"line":82,"column":8},"end":{"line":85,"column":9}},"type":"if","locations":[{"start":{"line":82,"column":8},"end":{"line":85,"column":9}},{"start":{},"end":{}}],"line":82},"11":{"loc":{"start":{"line":87,"column":8},"end":{"line":89,"column":9}},"type":"if","locations":[{"start":{"line":87,"column":8},"end":{"line":89,"column":9}},{"start":{},"end":{}}],"line":87},"12":{"loc":{"start":{"line":101,"column":4},"end":{"line":104,"column":5}},"type":"if","locations":[{"start":{"line":101,"column":4},"end":{"line":104,"column":5}},{"start":{},"end":{}}],"line":101},"13":{"loc":{"start":{"line":106,"column":4},"end":{"line":108,"column":5}},"type":"if","locations":[{"start":{"line":106,"column":4},"end":{"line":108,"column":5}},{"start":{},"end":{}}],"line":106},"14":{"loc":{"start":{"line":114,"column":8},"end":{"line":117,"column":9}},"type":"if","locations":[{"start":{"line":114,"column":8},"end":{"line":117,"column":9}},{"start":{},"end":{}}],"line":114},"15":{"loc":{"start":{"line":119,"column":8},"end":{"line":121,"column":9}},"type":"if","locations":[{"start":{"line":119,"column":8},"end":{"line":121,"column":9}},{"start":{},"end":{}}],"line":119}},"s":{"0":5,"1":5,"2":5,"3":5,"4":5,"5":2,"6":2,"7":0,"8":0,"9":0,"10":0,"11":0,"12":2,"13":2,"14":0,"15":0,"16":2,"17":5,"18":0,"19":0,"20":0,"21":0,"22":0,"23":5,"24":3,"25":3,"26":0,"27":3,"28":3,"29":0,"30":0,"31":3,"32":2,"33":2,"34":2,"35":0,"36":0,"37":2,"38":1,"39":1,"40":0,"41":0,"42":1,"43":5,"44":1,"45":1,"46":1,"47":0,"48":0,"49":1,"50":0,"51":1,"52":5,"53":1,"54":1,"55":1,"56":1,"57":0,"58":0,"59":1,"60":0,"61":1,"62":1,"63":0,"64":0,"65":1,"66":0,"67":1,"68":5},"f":{"0":2,"1":0,"2":2,"3":0,"4":0,"5":3,"6":3,"7":2,"8":1,"9":1,"10":1,"11":1,"12":1,"13":1},"b":{"0":[0,2],"1":[0,0],"2":[0,2],"3":[0,0],"4":[0,3],"5":[3,3],"6":[0,3],"7":[2,1],"8":[0,2],"9":[0,1],"10":[0,1],"11":[0,1],"12":[0,1],"13":[0,1],"14":[0,1],"15":[0,1]},"_coverageSchema":"1a1c01bbd47fc00a2c39e90264f33305004495a9","hash":"4955cd46605e7ead3f8f8dd730ddda3c42f360ff"}
,"D:\\07-Controle de Estoque-App CFM\\routes\\reports.js": {"path":"D:\\07-Controle de Estoque-App CFM\\routes\\reports.js","statementMap":{"0":{"start":{"line":1,"column":16},"end":{"line":1,"column":34}},"1":{"start":{"line":9,"column":4},"end":{"line":9,"column":31}},"2":{"start":{"line":10,"column":13},"end":{"line":10,"column":28}},"3":{"start":{"line":11,"column":24},"end":{"line":11,"column":53}},"4":{"start":{"line":13,"column":15},"end":{"line":13,"column":31}},"5":{"start":{"line":16,"column":0},"end":{"line":25,"column":3}},"6":{"start":{"line":17,"column":2},"end":{"line":24,"column":3}},"7":{"start":{"line":18,"column":23},"end":{"line":18,"column":55}},"8":{"start":{"line":19,"column":6},"end":{"line":19,"column":47}},"9":{"start":{"line":20,"column":6},"end":{"line":20,"column":29}},"10":{"start":{"line":22,"column":6},"end":{"line":22,"column":59}},"11":{"start":{"line":23,"column":6},"end":{"line":23,"column":70}},"12":{"start":{"line":28,"column":0},"end":{"line":37,"column":3}},"13":{"start":{"line":29,"column":2},"end":{"line":36,"column":3}},"14":{"start":{"line":30,"column":23},"end":{"line":30,"column":56}},"15":{"start":{"line":31,"column":6},"end":{"line":31,"column":49}},"16":{"start":{"line":32,"column":6},"end":{"line":32,"column":29}},"17":{"start":{"line":34,"column":6},"end":{"line":34,"column":61}},"18":{"start":{"line":35,"column":6},"end":{"line":35,"column":72}},"19":{"start":{"line":39,"column":0},"end":{"line":43,"column":3}},"20":{"start":{"line":40,"column":19},"end":{"line":40,"column":80}},"21":{"start":{"line":41,"column":2},"end":{"line":41,"column":49}},"22":{"start":{"line":42,"column":2},"end":{"line":42,"column":25}},"23":{"start":{"line":45,"column":0},"end":{"line":49,"column":3}},"24":{"start":{"line":46,"column":19},"end":{"line":46,"column":81}},"25":{"start":{"line":47,"column":2},"end":{"line":47,"column":51}},"26":{"start":{"line":48,"column":2},"end":{"line":48,"column":25}},"27":{"start":{"line":52,"column":0},"end":{"line":61,"column":3}},"28":{"start":{"line":53,"column":2},"end":{"line":60,"column":3}},"29":{"start":{"line":54,"column":23},"end":{"line":54,"column":80}},"30":{"start":{"line":55,"column":6},"end":{"line":55,"column":44}},"31":{"start":{"line":56,"column":6},"end":{"line":56,"column":29}},"32":{"start":{"line":58,"column":6},"end":{"line":58,"column":68}},"33":{"start":{"line":59,"column":6},"end":{"line":59,"column":78}},"34":{"start":{"line":64,"column":0},"end":{"line":73,"column":3}},"35":{"start":{"line":65,"column":2},"end":{"line":72,"column":3}},"36":{"start":{"line":66,"column":23},"end":{"line":66,"column":81}},"37":{"start":{"line":67,"column":6},"end":{"line":67,"column":46}},"38":{"start":{"line":68,"column":6},"end":{"line":68,"column":29}},"39":{"start":{"line":70,"column":6},"end":{"line":70,"column":68}},"40":{"start":{"line":71,"column":6},"end":{"line":71,"column":80}},"41":{"start":{"line":77,"column":2},"end":{"line":107,"column":5}},"42":{"start":{"line":78,"column":14},"end":{"line":84,"column":5}},"43":{"start":{"line":86,"column":17},"end":{"line":86,"column":19}},"44":{"start":{"line":88,"column":4},"end":{"line":91,"column":5}},"45":{"start":{"line":89,"column":6},"end":{"line":89,"column":50}},"46":{"start":{"line":90,"column":6},"end":{"line":90,"column":30}},"47":{"start":{"line":93,"column":4},"end":{"line":96,"column":5}},"48":{"start":{"line":94,"column":6},"end":{"line":94,"column":47}},"49":{"start":{"line":95,"column":6},"end":{"line":95,"column":39}},"50":{"start":{"line":98,"column":4},"end":{"line":101,"column":5}},"51":{"start":{"line":99,"column":6},"end":{"line":99,"column":37}},"52":{"start":{"line":100,"column":6},"end":{"line":100,"column":41}},"53":{"start":{"line":103,"column":4},"end":{"line":106,"column":7}},"54":{"start":{"line":104,"column":6},"end":{"line":105,"column":25}},"55":{"start":{"line":104,"column":15},"end":{"line":104,"column":27}},"56":{"start":{"line":105,"column":11},"end":{"line":105,"column":25}},"57":{"start":{"line":111,"column":0},"end":{"line":119,"column":3}},"58":{"start":{"line":112,"column":2},"end":{"line":118,"column":3}},"59":{"start":{"line":113,"column":39},"end":{"line":113,"column":48}},"60":{"start":{"line":114,"column":20},"end":{"line":114,"column":66}},"61":{"start":{"line":115,"column":4},"end":{"line":115,"column":22}},"62":{"start":{"line":117,"column":4},"end":{"line":117,"column":63}},"63":{"start":{"line":122,"column":0},"end":{"line":134,"column":3}},"64":{"start":{"line":123,"column":2},"end":{"line":133,"column":3}},"65":{"start":{"line":124,"column":39},"end":{"line":124,"column":48}},"66":{"start":{"line":125,"column":20},"end":{"line":125,"column":66}},"67":{"start":{"line":127,"column":27},"end":{"line":127,"column":59}},"68":{"start":{"line":128,"column":4},"end":{"line":128,"column":53}},"69":{"start":{"line":130,"column":4},"end":{"line":130,"column":33}},"70":{"start":{"line":132,"column":4},"end":{"line":132,"column":70}},"71":{"start":{"line":137,"column":0},"end":{"line":149,"column":3}},"72":{"start":{"line":138,"column":2},"end":{"line":148,"column":3}},"73":{"start":{"line":139,"column":39},"end":{"line":139,"column":48}},"74":{"start":{"line":140,"column":20},"end":{"line":140,"column":66}},"75":{"start":{"line":142,"column":27},"end":{"line":142,"column":60}},"76":{"start":{"line":143,"column":4},"end":{"line":143,"column":55}},"77":{"start":{"line":145,"column":4},"end":{"line":145,"column":33}},"78":{"start":{"line":147,"column":4},"end":{"line":147,"column":72}},"79":{"start":{"line":151,"column":0},"end":{"line":151,"column":24}}},"fnMap":{"0":{"name":"(anonymous_0)","decl":{"start":{"line":16,"column":46},"end":{"line":16,"column":47}},"loc":{"start":{"line":16,"column":66},"end":{"line":25,"column":1}},"line":16},"1":{"name":"(anonymous_1)","decl":{"start":{"line":28,"column":48},"end":{"line":28,"column":49}},"loc":{"start":{"line":28,"column":68},"end":{"line":37,"column":1}},"line":28},"2":{"name":"(anonymous_2)","decl":{"start":{"line":39,"column":33},"end":{"line":39,"column":34}},"loc":{"start":{"line":39,"column":53},"end":{"line":43,"column":1}},"line":39},"3":{"name":"(anonymous_3)","decl":{"start":{"line":45,"column":35},"end":{"line":45,"column":36}},"loc":{"start":{"line":45,"column":55},"end":{"line":49,"column":1}},"line":45},"4":{"name":"(anonymous_4)","decl":{"start":{"line":52,"column":41},"end":{"line":52,"column":42}},"loc":{"start":{"line":52,"column":61},"end":{"line":61,"column":1}},"line":52},"5":{"name":"(anonymous_5)","decl":{"start":{"line":64,"column":43},"end":{"line":64,"column":44}},"loc":{"start":{"line":64,"column":63},"end":{"line":73,"column":1}},"line":64},"6":{"name":"consultarDoacoes","decl":{"start":{"line":76,"column":15},"end":{"line":76,"column":31}},"loc":{"start":{"line":76,"column":74},"end":{"line":108,"column":1}},"line":76},"7":{"name":"(anonymous_7)","decl":{"start":{"line":77,"column":21},"end":{"line":77,"column":22}},"loc":{"start":{"line":77,"column":42},"end":{"line":107,"column":3}},"line":77},"8":{"name":"(anonymous_8)","decl":{"start":{"line":103,"column":24},"end":{"line":103,"column":25}},"loc":{"start":{"line":103,"column":39},"end":{"line":106,"column":5}},"line":103},"9":{"name":"(anonymous_9)","decl":{"start":{"line":111,"column":25},"end":{"line":111,"column":26}},"loc":{"start":{"line":111,"column":45},"end":{"line":119,"column":1}},"line":111},"10":{"name":"(anonymous_10)","decl":{"start":{"line":122,"column":29},"end":{"line":122,"column":30}},"loc":{"start":{"line":122,"column":49},"end":{"line":134,"column":1}},"line":122},"11":{"name":"(anonymous_11)","decl":{"start":{"line":137,"column":31},"end":{"line":137,"column":32}},"loc":{"start":{"line":137,"column":51},"end":{"line":149,"column":1}},"line":137}},"branchMap":{"0":{"loc":{"start":{"line":88,"column":4},"end":{"line":91,"column":5}},"type":"if","locations":[{"start":{"line":88,"column":4},"end":{"line":91,"column":5}},{"start":{},"end":{}}],"line":88},"1":{"loc":{"start":{"line":93,"column":4},"end":{"line":96,"column":5}},"type":"if","locations":[{"start":{"line":93,"column":4},"end":{"line":96,"column":5}},{"start":{},"end":{}}],"line":93},"2":{"loc":{"start":{"line":98,"column":4},"end":{"line":101,"column":5}},"type":"if","locations":[{"start":{"line":98,"column":4},"end":{"line":101,"column":5}},{"start":{},"end":{}}],"line":98},"3":{"loc":{"start":{"line":104,"column":6},"end":{"line":105,"column":25}},"type":"if","locations":[{"start":{"line":104,"column":6},"end":{"line":105,"column":25}},{"start":{"line":105,"column":11},"end":{"line":105,"column":25}}],"line":104}},"s":{"0":5,"1":5,"2":5,"3":5,"4":5,"5":5,"6":0,"7":0,"8":0,"9":0,"10":0,"11":0,"12":5,"13":0,"14":0,"15":0,"16":0,"17":0,"18":0,"19":5,"20":0,"21":0,"22":0,"23":5,"24":0,"25":0,"26":0,"27":5,"28":0,"29":0,"30":0,"31":0,"32":0,"33":0,"34":5,"35":0,"36":0,"37":0,"38":0,"39":0,"40":0,"41":0,"42":0,"43":0,"44":0,"45":0,"46":0,"47":0,"48":0,"49":0,"50":0,"51":0,"52":0,"53":0,"54":0,"55":0,"56":0,"57":5,"58":0,"59":0,"60":0,"61":0,"62":0,"63":5,"64":0,"65":0,"66":0,"67":0,"68":0,"69":0,"70":0,"71":5,"72":0,"73":0,"74":0,"75":0,"76":0,"77":0,"78":0,"79":5},"f":{"0":0,"1":0,"2":0,"3":0,"4":0,"5":0,"6":0,"7":0,"8":0,"9":0,"10":0,"11":0},"b":{"0":[0,0],"1":[0,0],"2":[0,0],"3":[0,0]},"_coverageSchema":"1a1c01bbd47fc00a2c39e90264f33305004495a9","hash":"1ece204f16675dd1ff79cfbabcbdfdb70baffeb2"}
,"D:\\07-Controle de Estoque-App CFM\\services\\authService.js": {"path":"D:\\07-Controle de Estoque-App CFM\\services\\authService.js","statementMap":{"0":{"start":{"line":2,"column":4},"end":{"line":6,"column":5}},"1":{"start":{"line":3,"column":8},"end":{"line":3,"column":73}},"2":{"start":{"line":5,"column":8},"end":{"line":5,"column":69}},"3":{"start":{"line":9,"column":0},"end":{"line":9,"column":38}}},"fnMap":{"0":{"name":"authenticateUser","decl":{"start":{"line":1,"column":9},"end":{"line":1,"column":25}},"loc":{"start":{"line":1,"column":46},"end":{"line":7,"column":1}},"line":1}},"branchMap":{"0":{"loc":{"start":{"line":2,"column":4},"end":{"line":6,"column":5}},"type":"if","locations":[{"start":{"line":2,"column":4},"end":{"line":6,"column":5}},{"start":{"line":4,"column":11},"end":{"line":6,"column":5}}],"line":2},"1":{"loc":{"start":{"line":2,"column":8},"end":{"line":2,"column":53}},"type":"binary-expr","locations":[{"start":{"line":2,"column":8},"end":{"line":2,"column":28}},{"start":{"line":2,"column":32},"end":{"line":2,"column":53}}],"line":2}},"s":{"0":2,"1":1,"2":1,"3":1},"f":{"0":2},"b":{"0":[1,1],"1":[2,1]},"_coverageSchema":"1a1c01bbd47fc00a2c39e90264f33305004495a9","hash":"f4bc6bc42bfe1a4a0876c681810eaeac36b94d4f"}
}
