TN:
SF:server.js
FN:23,(anonymous_0)
FN:24,(anonymous_1)
FN:35,(anonymous_2)
FNF:3
FNH:1
FNDA:0,(anonymous_0)
FNDA:0,(anonymous_1)
FNDA:4,(anonymous_2)
DA:1,5
DA:2,5
DA:3,5
DA:4,5
DA:5,5
DA:8,5
DA:9,5
DA:10,5
DA:11,5
DA:12,5
DA:13,5
DA:15,5
DA:18,5
DA:19,5
DA:22,5
DA:23,5
DA:24,5
DA:27,5
DA:28,5
DA:29,5
DA:30,5
DA:31,5
DA:33,5
DA:35,5
DA:36,4
DA:40,5
LF:26
LH:26
BRDA:33,0,0,5
BRDA:33,0,1,5
BRF:2
BRH:2
end_of_record
TN:
SF:database\db.js
FN:5,(anonymous_0)
FN:14,(anonymous_1)
FN:23,(anonymous_2)
FN:36,(anonymous_3)
FN:52,(anonymous_4)
FN:68,(anonymous_5)
FNF:6
FNH:6
FNDA:4,(anonymous_0)
FNDA:5,(anonymous_1)
FNDA:4,(anonymous_2)
FNDA:4,(anonymous_3)
FNDA:4,(anonymous_4)
FNDA:4,(anonymous_5)
DA:2,5
DA:5,5
DA:14,5
DA:16,5
DA:24,4
DA:25,0
DA:30,5
DA:37,4
DA:38,0
DA:43,5
DA:53,4
DA:54,0
DA:59,5
DA:69,4
DA:70,0
DA:74,5
DA:78,5
LF:17
LH:13
BRDA:24,0,0,0
BRDA:24,0,1,4
BRDA:37,1,0,0
BRDA:37,1,1,4
BRDA:53,2,0,0
BRDA:53,2,1,4
BRDA:69,3,0,0
BRDA:69,3,1,4
BRF:8
BRH:4
end_of_record
TN:
SF:middleware\auth.js
FN:14,autenticarToken
FN:25,(anonymous_1)
FNF:2
FNH:2
FNDA:26,autenticarToken
FNDA:25,(anonymous_1)
DA:2,5
DA:5,5
DA:16,26
DA:19,26
DA:20,1
DA:21,1
DA:25,25
DA:26,25
DA:27,0
DA:28,0
DA:31,25
DA:32,25
DA:37,5
LF:13
LH:11
BRDA:5,0,0,5
BRDA:5,0,1,5
BRDA:19,1,0,1
BRDA:19,1,1,25
BRDA:26,2,0,0
BRDA:26,2,1,25
BRF:6
BRH:5
end_of_record
TN:
SF:models\report.js
FN:13,consultarBanco
FN:14,(anonymous_1)
FN:15,(anonymous_2)
FN:34,gerarPDF
FN:44,(anonymous_4)
FN:45,(anonymous_5)
FN:50,(anonymous_6)
FN:62,gerarExcel
FN:66,(anonymous_8)
FN:72,(anonymous_9)
FN:83,gerarRelatorioDoacoesPDF
FN:109,gerarRelatorioDoacoesExcel
FN:141,gerarRelatorioDistribuicoesPDF
FN:167,gerarRelatorioDistribuicoesExcel
FN:199,gerarRelatorioFoodPDF
FN:216,gerarRelatorioFoodExcel
FNF:16
FNH:0
FNDA:0,consultarBanco
FNDA:0,(anonymous_1)
FNDA:0,(anonymous_2)
FNDA:0,gerarPDF
FNDA:0,(anonymous_4)
FNDA:0,(anonymous_5)
FNDA:0,(anonymous_6)
FNDA:0,gerarExcel
FNDA:0,(anonymous_8)
FNDA:0,(anonymous_9)
FNDA:0,gerarRelatorioDoacoesPDF
FNDA:0,gerarRelatorioDoacoesExcel
FNDA:0,gerarRelatorioDistribuicoesPDF
FNDA:0,gerarRelatorioDistribuicoesExcel
FNDA:0,gerarRelatorioFoodPDF
FNDA:0,gerarRelatorioFoodExcel
DA:2,5
DA:3,5
DA:4,5
DA:5,5
DA:14,0
DA:15,0
DA:16,0
DA:17,0
DA:19,0
DA:35,0
DA:36,0
DA:38,0
DA:39,0
DA:41,0
DA:42,0
DA:44,0
DA:45,0
DA:46,0
DA:49,0
DA:50,0
DA:63,0
DA:64,0
DA:66,0
DA:72,0
DA:74,0
DA:84,0
DA:85,0
DA:96,0
DA:97,0
DA:99,0
DA:110,0
DA:111,0
DA:122,0
DA:129,0
DA:131,0
DA:142,0
DA:143,0
DA:154,0
DA:155,0
DA:157,0
DA:168,0
DA:169,0
DA:180,0
DA:187,0
DA:189,0
DA:200,0
DA:201,0
DA:203,0
DA:204,0
DA:206,0
DA:217,0
DA:218,0
DA:220,0
DA:225,0
DA:227,0
DA:232,5
LF:56
LH:5
BRDA:16,0,0,0
BRDA:16,0,1,0
BRDA:69,1,0,0
BRDA:69,1,1,0
BRF:4
BRH:0
end_of_record
TN:
SF:routes\auth.js
FN:9,(anonymous_0)
FN:16,(anonymous_1)
FN:27,(anonymous_2)
FNF:3
FNH:3
FNDA:6,(anonymous_0)
FNDA:6,(anonymous_1)
FNDA:6,(anonymous_2)
DA:1,5
DA:2,5
DA:3,5
DA:4,5
DA:6,5
DA:9,5
DA:10,6
DA:12,6
DA:13,0
DA:16,6
DA:17,6
DA:18,0
DA:19,0
DA:22,6
DA:23,0
DA:27,6
DA:28,6
DA:29,0
DA:30,0
DA:33,6
DA:34,1
DA:38,5
DA:39,5
DA:44,5
LF:24
LH:18
BRDA:12,0,0,0
BRDA:12,0,1,6
BRDA:12,1,0,6
BRDA:12,1,1,6
BRDA:17,2,0,0
BRDA:17,2,1,6
BRDA:22,3,0,0
BRDA:22,3,1,6
BRDA:28,4,0,0
BRDA:28,4,1,6
BRDA:33,5,0,1
BRDA:33,5,1,5
BRDA:33,6,0,6
BRDA:33,6,1,6
BRF:14
BRH:10
end_of_record
TN:
SF:routes\dashboard.js
FN:7,(anonymous_0)
FN:25,contarRegistros
FN:26,(anonymous_2)
FN:27,(anonymous_3)
FNF:4
FNH:0
FNDA:0,(anonymous_0)
FNDA:0,contarRegistros
FNDA:0,(anonymous_2)
FNDA:0,(anonymous_3)
DA:1,5
DA:2,5
DA:3,5
DA:4,5
DA:7,5
DA:8,0
DA:9,0
DA:10,0
DA:11,0
DA:13,0
DA:19,0
DA:20,0
DA:26,0
DA:27,0
DA:28,0
DA:29,0
DA:34,5
LF:17
LH:6
BRDA:28,0,0,0
BRDA:28,0,1,0
BRF:2
BRH:0
end_of_record
TN:
SF:routes\distribution.js
FN:6,(anonymous_0)
FN:12,(anonymous_1)
FN:22,(anonymous_2)
FN:30,(anonymous_3)
FN:31,(anonymous_4)
FN:45,(anonymous_5)
FN:55,(anonymous_6)
FN:71,(anonymous_7)
FN:74,(anonymous_8)
FN:75,(anonymous_9)
FN:88,(anonymous_10)
FN:95,(anonymous_11)
FNF:12
FNH:7
FNDA:1,(anonymous_0)
FNDA:1,(anonymous_1)
FNDA:2,(anonymous_2)
FNDA:2,(anonymous_3)
FNDA:2,(anonymous_4)
FNDA:1,(anonymous_5)
FNDA:1,(anonymous_6)
FNDA:0,(anonymous_7)
FNDA:0,(anonymous_8)
FNDA:0,(anonymous_9)
FNDA:0,(anonymous_10)
FNDA:0,(anonymous_11)
DA:1,5
DA:2,5
DA:3,5
DA:6,5
DA:7,1
DA:13,1
DA:14,0
DA:15,0
DA:17,1
DA:22,5
DA:23,2
DA:26,2
DA:27,0
DA:30,2
DA:31,2
DA:32,2
DA:33,0
DA:34,0
DA:36,2
DA:37,1
DA:40,1
DA:42,1
DA:46,1
DA:47,0
DA:48,0
DA:49,0
DA:53,1
DA:56,1
DA:57,0
DA:58,0
DA:59,0
DA:62,1
DA:63,1
DA:71,5
DA:72,0
DA:74,0
DA:75,0
DA:76,0
DA:77,0
DA:78,0
DA:80,0
DA:81,0
DA:84,0
DA:86,0
DA:88,0
DA:89,0
DA:90,0
DA:91,0
DA:92,0
DA:95,0
DA:96,0
DA:97,0
DA:98,0
DA:99,0
DA:102,0
DA:103,0
DA:110,5
LF:57
LH:24
BRDA:13,0,0,0
BRDA:13,0,1,1
BRDA:26,1,0,0
BRDA:26,1,1,2
BRDA:26,2,0,2
BRDA:26,2,1,2
BRDA:26,2,2,2
BRDA:32,3,0,0
BRDA:32,3,1,2
BRDA:36,4,0,1
BRDA:36,4,1,1
BRDA:36,5,0,2
BRDA:36,5,1,2
BRDA:46,6,0,0
BRDA:46,6,1,1
BRDA:56,7,0,0
BRDA:56,7,1,1
BRDA:76,8,0,0
BRDA:76,8,1,0
BRDA:80,9,0,0
BRDA:80,9,1,0
BRDA:89,10,0,0
BRDA:89,10,1,0
BRDA:96,11,0,0
BRDA:96,11,1,0
BRF:25
BRH:12
end_of_record
TN:
SF:routes\donation.js
FN:9,(anonymous_0)
FN:21,(anonymous_1)
FN:31,(anonymous_2)
FN:43,(anonymous_3)
FN:54,(anonymous_4)
FN:63,searchFood
FN:97,(anonymous_6)
FN:100,(anonymous_7)
FN:110,(anonymous_8)
FNF:9
FNH:8
FNDA:2,(anonymous_0)
FNDA:2,(anonymous_1)
FNDA:2,(anonymous_2)
FNDA:1,(anonymous_3)
FNDA:1,(anonymous_4)
FNDA:0,searchFood
FNDA:1,(anonymous_6)
FNDA:1,(anonymous_7)
FNDA:1,(anonymous_8)
DA:1,5
DA:2,5
DA:3,5
DA:5,5
DA:9,5
DA:10,2
DA:12,2
DA:13,0
DA:14,0
DA:17,2
DA:19,2
DA:21,2
DA:22,2
DA:23,0
DA:24,0
DA:27,2
DA:30,2
DA:31,2
DA:32,2
DA:33,0
DA:34,0
DA:37,2
DA:38,2
DA:43,5
DA:44,1
DA:55,1
DA:56,0
DA:57,0
DA:59,1
DA:64,0
DA:65,0
DA:67,0
DA:68,0
DA:69,0
DA:70,0
DA:73,0
DA:74,0
DA:78,0
DA:80,0
DA:81,0
DA:82,0
DA:85,0
DA:87,0
DA:88,0
DA:91,0
DA:92,0
DA:93,0
DA:97,5
DA:98,1
DA:100,1
DA:101,1
DA:102,0
DA:103,0
DA:106,1
DA:107,0
DA:110,1
DA:111,1
DA:112,0
DA:113,0
DA:116,1
DA:121,5
LF:61
LH:30
BRDA:12,0,0,0
BRDA:12,0,1,2
BRDA:12,1,0,2
BRDA:12,1,1,2
BRDA:21,2,0,2
BRDA:21,2,1,0
BRDA:22,3,0,0
BRDA:22,3,1,2
BRDA:32,4,0,0
BRDA:32,4,1,2
BRDA:55,5,0,0
BRDA:55,5,1,1
BRDA:67,6,0,0
BRDA:67,6,1,0
BRDA:80,7,0,0
BRDA:80,7,1,0
BRDA:80,8,0,0
BRDA:80,8,1,0
BRDA:101,9,0,0
BRDA:101,9,1,1
BRDA:106,10,0,0
BRDA:106,10,1,1
BRDA:111,11,0,0
BRDA:111,11,1,1
BRF:24
BRH:10
end_of_record
TN:
SF:routes\food.js
FN:7,(anonymous_0)
FN:11,(anonymous_1)
FN:19,(anonymous_2)
FN:30,(anonymous_3)
FN:31,(anonymous_4)
FN:41,(anonymous_5)
FN:48,(anonymous_6)
FN:57,(anonymous_7)
FN:66,(anonymous_8)
FN:78,(anonymous_9)
FN:81,(anonymous_10)
FN:96,(anonymous_11)
FN:100,(anonymous_12)
FN:113,(anonymous_13)
FNF:14
FNH:11
FNDA:2,(anonymous_0)
FNDA:0,(anonymous_1)
FNDA:2,(anonymous_2)
FNDA:0,(anonymous_3)
FNDA:0,(anonymous_4)
FNDA:3,(anonymous_5)
FNDA:3,(anonymous_6)
FNDA:2,(anonymous_7)
FNDA:1,(anonymous_8)
FNDA:1,(anonymous_9)
FNDA:1,(anonymous_10)
FNDA:1,(anonymous_11)
FNDA:1,(anonymous_12)
FNDA:1,(anonymous_13)
DA:1,5
DA:2,5
DA:3,5
DA:4,5
DA:7,5
DA:8,2
DA:10,2
DA:11,0
DA:12,0
DA:13,0
DA:14,0
DA:16,0
DA:19,2
DA:20,2
DA:21,0
DA:22,0
DA:24,2
DA:30,5
DA:31,0
DA:32,0
DA:33,0
DA:34,0
DA:36,0
DA:41,5
DA:42,3
DA:44,3
DA:45,0
DA:48,3
DA:49,3
DA:50,0
DA:51,0
DA:54,3
DA:56,2
DA:57,2
DA:58,2
DA:59,0
DA:60,0
DA:62,2
DA:66,1
DA:67,1
DA:68,0
DA:69,0
DA:71,1
DA:78,5
DA:79,1
DA:81,1
DA:82,1
DA:83,0
DA:84,0
DA:87,1
DA:88,0
DA:91,1
DA:96,5
DA:97,1
DA:98,1
DA:100,1
DA:101,1
DA:102,0
DA:103,0
DA:106,1
DA:107,0
DA:110,1
DA:114,1
DA:115,0
DA:116,0
DA:119,1
DA:120,0
DA:123,1
DA:130,5
LF:69
LH:41
BRDA:10,0,0,0
BRDA:10,0,1,2
BRDA:12,1,0,0
BRDA:12,1,1,0
BRDA:20,2,0,0
BRDA:20,2,1,2
BRDA:32,3,0,0
BRDA:32,3,1,0
BRDA:44,4,0,0
BRDA:44,4,1,3
BRDA:44,5,0,3
BRDA:44,5,1,3
BRDA:49,6,0,0
BRDA:49,6,1,3
BRDA:54,7,0,2
BRDA:54,7,1,1
BRDA:58,8,0,0
BRDA:58,8,1,2
BRDA:67,9,0,0
BRDA:67,9,1,1
BRDA:82,10,0,0
BRDA:82,10,1,1
BRDA:87,11,0,0
BRDA:87,11,1,1
BRDA:101,12,0,0
BRDA:101,12,1,1
BRDA:106,13,0,0
BRDA:106,13,1,1
BRDA:114,14,0,0
BRDA:114,14,1,1
BRDA:119,15,0,0
BRDA:119,15,1,1
BRF:32
BRH:16
end_of_record
TN:
SF:routes\reports.js
FN:16,(anonymous_0)
FN:28,(anonymous_1)
FN:39,(anonymous_2)
FN:45,(anonymous_3)
FN:52,(anonymous_4)
FN:64,(anonymous_5)
FN:76,consultarDoacoes
FN:77,(anonymous_7)
FN:103,(anonymous_8)
FN:111,(anonymous_9)
FN:122,(anonymous_10)
FN:137,(anonymous_11)
FNF:12
FNH:0
FNDA:0,(anonymous_0)
FNDA:0,(anonymous_1)
FNDA:0,(anonymous_2)
FNDA:0,(anonymous_3)
FNDA:0,(anonymous_4)
FNDA:0,(anonymous_5)
FNDA:0,consultarDoacoes
FNDA:0,(anonymous_7)
FNDA:0,(anonymous_8)
FNDA:0,(anonymous_9)
FNDA:0,(anonymous_10)
FNDA:0,(anonymous_11)
DA:1,5
DA:9,5
DA:10,5
DA:11,5
DA:13,5
DA:16,5
DA:17,0
DA:18,0
DA:19,0
DA:20,0
DA:22,0
DA:23,0
DA:28,5
DA:29,0
DA:30,0
DA:31,0
DA:32,0
DA:34,0
DA:35,0
DA:39,5
DA:40,0
DA:41,0
DA:42,0
DA:45,5
DA:46,0
DA:47,0
DA:48,0
DA:52,5
DA:53,0
DA:54,0
DA:55,0
DA:56,0
DA:58,0
DA:59,0
DA:64,5
DA:65,0
DA:66,0
DA:67,0
DA:68,0
DA:70,0
DA:71,0
DA:77,0
DA:78,0
DA:86,0
DA:88,0
DA:89,0
DA:90,0
DA:93,0
DA:94,0
DA:95,0
DA:98,0
DA:99,0
DA:100,0
DA:103,0
DA:104,0
DA:105,0
DA:111,5
DA:112,0
DA:113,0
DA:114,0
DA:115,0
DA:117,0
DA:122,5
DA:123,0
DA:124,0
DA:125,0
DA:127,0
DA:128,0
DA:130,0
DA:132,0
DA:137,5
DA:138,0
DA:139,0
DA:140,0
DA:142,0
DA:143,0
DA:145,0
DA:147,0
DA:151,5
LF:79
LH:15
BRDA:88,0,0,0
BRDA:88,0,1,0
BRDA:93,1,0,0
BRDA:93,1,1,0
BRDA:98,2,0,0
BRDA:98,2,1,0
BRDA:104,3,0,0
BRDA:104,3,1,0
BRF:8
BRH:0
end_of_record
TN:
SF:services\authService.js
FN:1,authenticateUser
FNF:1
FNH:1
FNDA:2,authenticateUser
DA:2,2
DA:3,1
DA:5,1
DA:9,1
LF:4
LH:4
BRDA:2,0,0,1
BRDA:2,0,1,1
BRDA:2,1,0,2
BRDA:2,1,1,1
BRF:4
BRH:4
end_of_record
